# JRE version: Java(TM) SE Runtime Environment (8.0_121-b13) (build 1.8.0_121-b13)
# Java VM: Java HotSpot(TM) 64-Bit Server VM (25.121-b13 mixed mode windows-amd64 compressed oops)
Heap:
 PSYoungGen      total 158208K, used 28802K [0x00000000d5700000, 0x00000000e2100000, 0x0000000100000000)
  eden space 143872K, 12% used [0x00000000d5700000,0x00000000d67f0d78,0x00000000de380000)
  from space 14336K, 79% used [0x00000000e1300000,0x00000000e1e2fe28,0x00000000e2100000)
  to   space 13312K, 0% used [0x00000000de380000,0x00000000de380000,0x00000000df080000)
 ParOldGen       total 80384K, used 33280K [0x0000000080400000, 0x0000000085280000, 0x00000000d5700000)
  object space 80384K, 41% used [0x0000000080400000,0x00000000824801c8,0x0000000085280000)
 Metaspace       used 50338K, capacity 51826K, committed 51968K, reserved 1093632K
  class space    used 6813K, capacity 7136K, committed 7168K, reserved 1048576K
GC Heap History (10 events):
Event: 11.138 GC heap before
{Heap before GC invocations=10 (full 1):
 PSYoungGen      total 112128K, used 58703K [0x00000000d5700000, 0x00000000dd080000, 0x0000000100000000)
  eden space 101888K, 48% used [0x00000000d5700000,0x00000000d878fbf0,0x00000000dba80000)
  from space 10240K, 87% used [0x00000000dc680000,0x00000000dcf441d0,0x00000000dd080000)
  to   space 11264K, 0% used [0x00000000dba80000,0x00000000dba80000,0x00000000dc580000)
 ParOldGen       total 53760K, used 8234K [0x0000000080400000, 0x0000000083880000, 0x00000000d5700000)
  object space 53760K, 15% used [0x0000000080400000,0x0000000080c0a8f8,0x0000000083880000)
 Metaspace       used 34548K, capacity 35116K, committed 35456K, reserved 1079296K
  class space    used 4713K, capacity 4893K, committed 4992K, reserved 1048576K
Event: 11.189 GC heap after
Heap after GC invocations=10 (full 1):
 PSYoungGen      total 113152K, used 11242K [0x00000000d5700000, 0x00000000e0100000, 0x0000000100000000)
  eden space 101888K, 0% used [0x00000000d5700000,0x00000000d5700000,0x00000000dba80000)
  from space 11264K, 99% used [0x00000000dba80000,0x00000000dc57ab70,0x00000000dc580000)
  to   space 13312K, 0% used [0x00000000df400000,0x00000000df400000,0x00000000e0100000)
 ParOldGen       total 53760K, used 9511K [0x0000000080400000, 0x0000000083880000, 0x00000000d5700000)
  object space 53760K, 17% used [0x0000000080400000,0x0000000080d49dc8,0x0000000083880000)
 Metaspace       used 34548K, capacity 35116K, committed 35456K, reserved 1079296K
  class space    used 4713K, capacity 4893K, committed 4992K, reserved 1048576K
}
Event: 11.189 GC heap before
{Heap before GC invocations=11 (full 2):
 PSYoungGen      total 113152K, used 11242K [0x00000000d5700000, 0x00000000e0100000, 0x0000000100000000)
  eden space 101888K, 0% used [0x00000000d5700000,0x00000000d5700000,0x00000000dba80000)
  from space 11264K, 99% used [0x00000000dba80000,0x00000000dc57ab70,0x00000000dc580000)
  to   space 13312K, 0% used [0x00000000df400000,0x00000000df400000,0x00000000e0100000)
 ParOldGen       total 53760K, used 9511K [0x0000000080400000, 0x0000000083880000, 0x00000000d5700000)
  object space 53760K, 17% used [0x0000000080400000,0x0000000080d49dc8,0x0000000083880000)
 Metaspace       used 34548K, capacity 35116K, committed 35456K, reserved 1079296K
  class space    used 4713K, capacity 4893K, committed 4992K, reserved 1048576K
Event: 11.355 GC heap after
Heap after GC invocations=11 (full 2):
 PSYoungGen      total 113152K, used 0K [0x00000000d5700000, 0x00000000e0100000, 0x0000000100000000)
  eden space 101888K, 0% used [0x00000000d5700000,0x00000000d5700000,0x00000000dba80000)
  from space 11264K, 0% used [0x00000000dba80000,0x00000000dba80000,0x00000000dc580000)
  to   space 13312K, 0% used [0x00000000df400000,0x00000000df400000,0x00000000e0100000)
 ParOldGen       total 80384K, used 19811K [0x0000000080400000, 0x0000000085280000, 0x00000000d5700000)
  object space 80384K, 24% used [0x0000000080400000,0x0000000081758eb0,0x0000000085280000)
 Metaspace       used 34548K, capacity 35116K, committed 35456K, reserved 1079296K
  class space    used 4713K, capacity 4893K, committed 4992K, reserved 1048576K
}
Event: 15.361 GC heap before
{Heap before GC invocations=12 (full 2):
 PSYoungGen      total 113152K, used 101888K [0x00000000d5700000, 0x00000000e0100000, 0x0000000100000000)
  eden space 101888K, 100% used [0x00000000d5700000,0x00000000dba80000,0x00000000dba80000)
  from space 11264K, 0% used [0x00000000dba80000,0x00000000dba80000,0x00000000dc580000)
  to   space 13312K, 0% used [0x00000000df400000,0x00000000df400000,0x00000000e0100000)
 ParOldGen       total 80384K, used 19811K [0x0000000080400000, 0x0000000085280000, 0x00000000d5700000)
  object space 80384K, 24% used [0x0000000080400000,0x0000000081758eb0,0x0000000085280000)
 Metaspace       used 42457K, capacity 43282K, committed 43648K, reserved 1087488K
  class space    used 5746K, capacity 5985K, committed 6016K, reserved 1048576K
Event: 15.389 GC heap after
Heap after GC invocations=12 (full 2):
 PSYoungGen      total 145408K, used 9495K [0x00000000d5700000, 0x00000000dfd80000, 0x0000000100000000)
  eden space 135680K, 0% used [0x00000000d5700000,0x00000000d5700000,0x00000000ddb80000)
  from space 9728K, 97% used [0x00000000df400000,0x00000000dfd45c78,0x00000000dfd80000)
  to   space 13312K, 0% used [0x00000000de380000,0x00000000de380000,0x00000000df080000)
 ParOldGen       total 80384K, used 19819K [0x0000000080400000, 0x0000000085280000, 0x00000000d5700000)
  object space 80384K, 24% used [0x0000000080400000,0x000000008175aeb0,0x0000000085280000)
 Metaspace       used 42457K, capacity 43282K, committed 43648K, reserved 1087488K
  class space    used 5746K, capacity 5985K, committed 6016K, reserved 1048576K
}
Event: 19.873 GC heap before
{Heap before GC invocations=13 (full 2):
 PSYoungGen      total 145408K, used 145175K [0x00000000d5700000, 0x00000000dfd80000, 0x0000000100000000)
  eden space 135680K, 100% used [0x00000000d5700000,0x00000000ddb80000,0x00000000ddb80000)
  from space 9728K, 97% used [0x00000000df400000,0x00000000dfd45c78,0x00000000dfd80000)
  to   space 13312K, 0% used [0x00000000de380000,0x00000000de380000,0x00000000df080000)
 ParOldGen       total 80384K, used 19819K [0x0000000080400000, 0x0000000085280000, 0x00000000d5700000)
  object space 80384K, 24% used [0x0000000080400000,0x000000008175aeb0,0x0000000085280000)
 Metaspace       used 47864K, capacity 49140K, committed 49408K, reserved 1091584K
  class space    used 6516K, capacity 6827K, committed 6912K, reserved 1048576K
Event: 19.937 GC heap after
Heap after GC invocations=13 (full 2):
 PSYoungGen      total 157184K, used 11243K [0x00000000d5700000, 0x00000000e2100000, 0x0000000100000000)
  eden space 143872K, 0% used [0x00000000d5700000,0x00000000d5700000,0x00000000de380000)
  from space 13312K, 84% used [0x00000000de380000,0x00000000dee7add8,0x00000000df080000)
  to   space 14336K, 0% used [0x00000000e1300000,0x00000000e1300000,0x00000000e2100000)
 ParOldGen       total 80384K, used 24710K [0x0000000080400000, 0x0000000085280000, 0x00000000d5700000)
  object space 80384K, 30% used [0x0000000080400000,0x0000000081c21930,0x0000000085280000)
 Metaspace       used 47864K, capacity 49140K, committed 49408K, reserved 1091584K
  class space    used 6516K, capacity 6827K, committed 6912K, reserved 1048576K
}
Event: 24.599 GC heap before
{Heap before GC invocations=14 (full 2):
 PSYoungGen      total 157184K, used 155115K [0x00000000d5700000, 0x00000000e2100000, 0x0000000100000000)
  eden space 143872K, 100% used [0x00000000d5700000,0x00000000de380000,0x00000000de380000)
  from space 13312K, 84% used [0x00000000de380000,0x00000000dee7add8,0x00000000df080000)
  to   space 14336K, 0% used [0x00000000e1300000,0x00000000e1300000,0x00000000e2100000)
 ParOldGen       total 80384K, used 24710K [0x0000000080400000, 0x0000000085280000, 0x00000000d5700000)
  object space 80384K, 30% used [0x0000000080400000,0x0000000081c21930,0x0000000085280000)
 Metaspace       used 50303K, capacity 51750K, committed 51968K, reserved 1093632K
  class space    used 6808K, capacity 7134K, committed 7168K, reserved 1048576K
Event: 24.680 GC heap after
Heap after GC invocations=14 (full 2):
 PSYoungGen      total 158208K, used 11455K [0x00000000d5700000, 0x00000000e2100000, 0x0000000100000000)
  eden space 143872K, 0% used [0x00000000d5700000,0x00000000d5700000,0x00000000de380000)
  from space 14336K, 79% used [0x00000000e1300000,0x00000000e1e2fe28,0x00000000e2100000)
  to   space 13312K, 0% used [0x00000000de380000,0x00000000de380000,0x00000000df080000)
 ParOldGen       total 80384K, used 33280K [0x0000000080400000, 0x0000000085280000, 0x00000000d5700000)
  object space 80384K, 41% used [0x0000000080400000,0x00000000824801c8,0x0000000085280000)
 Metaspace       used 50303K, capacity 51750K, committed 51968K, reserved 1093632K
  class space    used 6808K, capacity 7134K, committed 7168K, reserved 1048576K
}

