# JRE version: Java(TM) SE Runtime Environment (8.0_121-b13) (build 1.8.0_121-b13)
# Java VM: Java HotSpot(TM) 64-Bit Server VM (25.121-b13 mixed mode windows-amd64 compressed oops)
Heap:
 PSYoungGen      total 135680K, used 28263K [0x00000000d5700000, 0x00000000dea80000, 0x0000000100000000)
  eden space 129024K, 21% used [0x00000000d5700000,0x00000000d7299fe8,0x00000000dd500000)
  from space 6656K, 0% used [0x00000000de400000,0x00000000de400000,0x00000000dea80000)
  to   space 10752K, 0% used [0x00000000dd580000,0x00000000dd580000,0x00000000de000000)
 ParOldGen       total 64512K, used 18276K [0x0000000080400000, 0x0000000084300000, 0x00000000d5700000)
  object space 64512K, 28% used [0x0000000080400000,0x00000000815d9000,0x0000000084300000)
 Metaspace       used 36071K, capacity 36652K, committed 36992K, reserved 1081344K
  class space    used 4956K, capacity 5191K, committed 5248K, reserved 1048576K
GC Heap History (10 events):
Event: 9.044 GC heap before
{Heap before GC invocations=6 (full 1):
 PSYoungGen      total 71680K, used 5104K [0x00000000d5700000, 0x00000000def00000, 0x0000000100000000)
  eden space 66560K, 0% used [0x00000000d5700000,0x00000000d5700000,0x00000000d9800000)
  from space 5120K, 99% used [0x00000000d9800000,0x00000000d9cfc060,0x00000000d9d00000)
  to   space 11264K, 0% used [0x00000000de400000,0x00000000de400000,0x00000000def00000)
 ParOldGen       total 87552K, used 9051K [0x0000000080400000, 0x0000000085980000, 0x00000000d5700000)
  object space 87552K, 10% used [0x0000000080400000,0x0000000080cd6cd0,0x0000000085980000)
 Metaspace       used 20969K, capacity 21158K, committed 21296K, reserved 1067008K
  class space    used 2871K, capacity 2934K, committed 2944K, reserved 1048576K
Event: 9.158 GC heap after
Heap after GC invocations=6 (full 1):
 PSYoungGen      total 71680K, used 0K [0x00000000d5700000, 0x00000000def00000, 0x0000000100000000)
  eden space 66560K, 0% used [0x00000000d5700000,0x00000000d5700000,0x00000000d9800000)
  from space 5120K, 0% used [0x00000000d9800000,0x00000000d9800000,0x00000000d9d00000)
  to   space 11264K, 0% used [0x00000000de400000,0x00000000de400000,0x00000000def00000)
 ParOldGen       total 51712K, used 10215K [0x0000000080400000, 0x0000000083680000, 0x00000000d5700000)
  object space 51712K, 19% used [0x0000000080400000,0x0000000080df9c48,0x0000000083680000)
 Metaspace       used 20969K, capacity 21158K, committed 21296K, reserved 1067008K
  class space    used 2871K, capacity 2934K, committed 2944K, reserved 1048576K
}
Event: 11.412 GC heap before
{Heap before GC invocations=7 (full 1):
 PSYoungGen      total 71680K, used 66560K [0x00000000d5700000, 0x00000000def00000, 0x0000000100000000)
  eden space 66560K, 100% used [0x00000000d5700000,0x00000000d9800000,0x00000000d9800000)
  from space 5120K, 0% used [0x00000000d9800000,0x00000000d9800000,0x00000000d9d00000)
  to   space 11264K, 0% used [0x00000000de400000,0x00000000de400000,0x00000000def00000)
 ParOldGen       total 51712K, used 10215K [0x0000000080400000, 0x0000000083680000, 0x00000000d5700000)
  object space 51712K, 19% used [0x0000000080400000,0x0000000080df9c48,0x0000000083680000)
 Metaspace       used 26701K, capacity 27048K, committed 27520K, reserved 1073152K
  class space    used 3721K, capacity 3854K, committed 3968K, reserved 1048576K
Event: 11.425 GC heap after
Heap after GC invocations=7 (full 1):
 PSYoungGen      total 135680K, used 6482K [0x00000000d5700000, 0x00000000dea80000, 0x0000000100000000)
  eden space 129024K, 0% used [0x00000000d5700000,0x00000000d5700000,0x00000000dd500000)
  from space 6656K, 97% used [0x00000000de400000,0x00000000dea54a30,0x00000000dea80000)
  to   space 10752K, 0% used [0x00000000dd580000,0x00000000dd580000,0x00000000de000000)
 ParOldGen       total 51712K, used 10223K [0x0000000080400000, 0x0000000083680000, 0x00000000d5700000)
  object space 51712K, 19% used [0x0000000080400000,0x0000000080dfbc48,0x0000000083680000)
 Metaspace       used 26701K, capacity 27048K, committed 27520K, reserved 1073152K
  class space    used 3721K, capacity 3854K, committed 3968K, reserved 1048576K
}
Event: 18.211 GC heap before
{Heap before GC invocations=8 (full 1):
 PSYoungGen      total 135680K, used 135506K [0x00000000d5700000, 0x00000000dea80000, 0x0000000100000000)
  eden space 129024K, 100% used [0x00000000d5700000,0x00000000dd500000,0x00000000dd500000)
  from space 6656K, 97% used [0x00000000de400000,0x00000000dea54a30,0x00000000dea80000)
  to   space 10752K, 0% used [0x00000000dd580000,0x00000000dd580000,0x00000000de000000)
 ParOldGen       total 51712K, used 10223K [0x0000000080400000, 0x0000000083680000, 0x00000000d5700000)
  object space 51712K, 19% used [0x0000000080400000,0x0000000080dfbc48,0x0000000083680000)
 Metaspace       used 34500K, capacity 35018K, committed 35328K, reserved 1079296K
  class space    used 4696K, capacity 4859K, committed 4864K, reserved 1048576K
Event: 18.251 GC heap after
Heap after GC invocations=8 (full 1):
 PSYoungGen      total 139776K, used 10727K [0x00000000d5700000, 0x00000000dea80000, 0x0000000100000000)
  eden space 129024K, 0% used [0x00000000d5700000,0x00000000d5700000,0x00000000dd500000)
  from space 10752K, 99% used [0x00000000dd580000,0x00000000ddff9e20,0x00000000de000000)
  to   space 6656K, 0% used [0x00000000de400000,0x00000000de400000,0x00000000dea80000)
 ParOldGen       total 51712K, used 14589K [0x0000000080400000, 0x0000000083680000, 0x00000000d5700000)
  object space 51712K, 28% used [0x0000000080400000,0x000000008123f6f8,0x0000000083680000)
 Metaspace       used 34500K, capacity 35018K, committed 35328K, reserved 1079296K
  class space    used 4696K, capacity 4859K, committed 4864K, reserved 1048576K
}
Event: 18.402 GC heap before
{Heap before GC invocations=9 (full 1):
 PSYoungGen      total 139776K, used 18395K [0x00000000d5700000, 0x00000000dea80000, 0x0000000100000000)
  eden space 129024K, 5% used [0x00000000d5700000,0x00000000d5e7ce18,0x00000000dd500000)
  from space 10752K, 99% used [0x00000000dd580000,0x00000000ddff9e20,0x00000000de000000)
  to   space 6656K, 0% used [0x00000000de400000,0x00000000de400000,0x00000000dea80000)
 ParOldGen       total 51712K, used 14589K [0x0000000080400000, 0x0000000083680000, 0x00000000d5700000)
  object space 51712K, 28% used [0x0000000080400000,0x000000008123f6f8,0x0000000083680000)
 Metaspace       used 34595K, capacity 35120K, committed 35456K, reserved 1079296K
  class space    used 4714K, capacity 4893K, committed 4992K, reserved 1048576K
Event: 18.426 GC heap after
Heap after GC invocations=9 (full 1):
 PSYoungGen      total 135680K, used 6639K [0x00000000d5700000, 0x00000000dea80000, 0x0000000100000000)
  eden space 129024K, 0% used [0x00000000d5700000,0x00000000d5700000,0x00000000dd500000)
  from space 6656K, 99% used [0x00000000de400000,0x00000000dea7be08,0x00000000dea80000)
  to   space 10752K, 0% used [0x00000000dd580000,0x00000000dd580000,0x00000000de000000)
 ParOldGen       total 51712K, used 18786K [0x0000000080400000, 0x0000000083680000, 0x00000000d5700000)
  object space 51712K, 36% used [0x0000000080400000,0x0000000081658ad0,0x0000000083680000)
 Metaspace       used 34595K, capacity 35120K, committed 35456K, reserved 1079296K
  class space    used 4714K, capacity 4893K, committed 4992K, reserved 1048576K
}
Event: 18.426 GC heap before
{Heap before GC invocations=10 (full 2):
 PSYoungGen      total 135680K, used 6639K [0x00000000d5700000, 0x00000000dea80000, 0x0000000100000000)
  eden space 129024K, 0% used [0x00000000d5700000,0x00000000d5700000,0x00000000dd500000)
  from space 6656K, 99% used [0x00000000de400000,0x00000000dea7be08,0x00000000dea80000)
  to   space 10752K, 0% used [0x00000000dd580000,0x00000000dd580000,0x00000000de000000)
 ParOldGen       total 51712K, used 18786K [0x0000000080400000, 0x0000000083680000, 0x00000000d5700000)
  object space 51712K, 36% used [0x0000000080400000,0x0000000081658ad0,0x0000000083680000)
 Metaspace       used 34595K, capacity 35120K, committed 35456K, reserved 1079296K
  class space    used 4714K, capacity 4893K, committed 4992K, reserved 1048576K
Event: 18.601 GC heap after
Heap after GC invocations=10 (full 2):
 PSYoungGen      total 135680K, used 0K [0x00000000d5700000, 0x00000000dea80000, 0x0000000100000000)
  eden space 129024K, 0% used [0x00000000d5700000,0x00000000d5700000,0x00000000dd500000)
  from space 6656K, 0% used [0x00000000de400000,0x00000000de400000,0x00000000dea80000)
  to   space 10752K, 0% used [0x00000000dd580000,0x00000000dd580000,0x00000000de000000)
 ParOldGen       total 64512K, used 18276K [0x0000000080400000, 0x0000000084300000, 0x00000000d5700000)
  object space 64512K, 28% used [0x0000000080400000,0x00000000815d9000,0x0000000084300000)
 Metaspace       used 34595K, capacity 35120K, committed 35456K, reserved 1079296K
  class space    used 4714K, capacity 4893K, committed 4992K, reserved 1048576K
}

